<?xml version="1.0" encoding="UTF-8"?>
<!-- Generated by org.testng.reporters.JUnitReportReporter -->
<testsuite hostname="Impact-L56" failures="0" tests="1" name="com.pcs.tests.PCSLaunchTest" time="124.582" errors="0" timestamp="2024-10-03T09:14:27 IST" skipped="0">
  <testcase classname="com.pcs.tests.PCSLaunchTest" name="pcsLandingTest" time="124.582"/>
  <system-out/>
</testsuite> <!-- com.pcs.tests.PCSLaunchTest -->
